mode: set
gitlab.com/SchedMD/slinky-dev/cpuutil/pkg/bitmaputil/bitmaputil.go:16.36,18.24 2 1
gitlab.com/SchedMD/slinky-dev/cpuutil/pkg/bitmaputil/bitmaputil.go:18.24,20.3 1 1
gitlab.com/SchedMD/slinky-dev/cpuutil/pkg/bitmaputil/bitmaputil.go:21.2,21.10 1 1
gitlab.com/SchedMD/slinky-dev/cpuutil/pkg/bitmaputil/bitmaputil.go:24.47,26.19 2 1
gitlab.com/SchedMD/slinky-dev/cpuutil/pkg/bitmaputil/bitmaputil.go:26.19,28.3 1 1
gitlab.com/SchedMD/slinky-dev/cpuutil/pkg/bitmaputil/bitmaputil.go:30.2,31.9 2 1
gitlab.com/SchedMD/slinky-dev/cpuutil/pkg/bitmaputil/bitmaputil.go:32.18,33.20 1 1
gitlab.com/SchedMD/slinky-dev/cpuutil/pkg/bitmaputil/bitmaputil.go:34.19,35.20 1 1
gitlab.com/SchedMD/slinky-dev/cpuutil/pkg/bitmaputil/bitmaputil.go:39.2,39.50 1 1
gitlab.com/SchedMD/slinky-dev/cpuutil/pkg/bitmaputil/bitmaputil.go:39.50,41.3 1 1
gitlab.com/SchedMD/slinky-dev/cpuutil/pkg/bitmaputil/bitmaputil.go:43.2,43.21 1 1
gitlab.com/SchedMD/slinky-dev/cpuutil/pkg/bitmaputil/bitmaputil.go:47.54,48.25 1 1
gitlab.com/SchedMD/slinky-dev/cpuutil/pkg/bitmaputil/bitmaputil.go:48.25,50.3 1 1
gitlab.com/SchedMD/slinky-dev/cpuutil/pkg/bitmaputil/bitmaputil.go:52.2,54.38 3 1
gitlab.com/SchedMD/slinky-dev/cpuutil/pkg/bitmaputil/bitmaputil.go:54.38,57.3 2 1
gitlab.com/SchedMD/slinky-dev/cpuutil/pkg/bitmaputil/bitmaputil.go:58.2,58.17 1 1
gitlab.com/SchedMD/slinky-dev/cpuutil/pkg/bitmaputil/bitmaputil.go:61.38,63.25 2 1
gitlab.com/SchedMD/slinky-dev/cpuutil/pkg/bitmaputil/bitmaputil.go:63.25,65.3 1 1
gitlab.com/SchedMD/slinky-dev/cpuutil/pkg/bitmaputil/bitmaputil.go:66.2,66.40 1 1
gitlab.com/SchedMD/slinky-dev/cpuutil/pkg/cpuinfo/cpuinfo.go:26.63,28.30 2 1
gitlab.com/SchedMD/slinky-dev/cpuutil/pkg/cpuinfo/cpuinfo.go:28.30,30.3 1 1
gitlab.com/SchedMD/slinky-dev/cpuutil/pkg/cpuinfo/cpuinfo.go:32.2,34.16 3 1
gitlab.com/SchedMD/slinky-dev/cpuutil/pkg/cpuinfo/cpuinfo.go:34.16,36.3 1 1
gitlab.com/SchedMD/slinky-dev/cpuutil/pkg/cpuinfo/cpuinfo.go:38.2,40.29 3 0
gitlab.com/SchedMD/slinky-dev/cpuutil/pkg/cpuinfo/cpuinfo.go:40.29,42.36 1 0
gitlab.com/SchedMD/slinky-dev/cpuutil/pkg/cpuinfo/cpuinfo.go:42.36,45.22 2 0
gitlab.com/SchedMD/slinky-dev/cpuutil/pkg/cpuinfo/cpuinfo.go:45.22,47.5 1 0
gitlab.com/SchedMD/slinky-dev/cpuutil/pkg/cpuinfo/cpuinfo.go:48.4,48.29 1 0
gitlab.com/SchedMD/slinky-dev/cpuutil/pkg/cpuinfo/cpuinfo.go:49.9,52.4 1 0
gitlab.com/SchedMD/slinky-dev/cpuutil/pkg/cpuinfo/cpuinfo.go:55.2,55.22 1 0
gitlab.com/SchedMD/slinky-dev/cpuutil/pkg/cpuinfo/cpuinfo.go:65.36,66.36 1 1
gitlab.com/SchedMD/slinky-dev/cpuutil/pkg/cpuinfo/cpuinfo.go:66.36,68.3 1 1
gitlab.com/SchedMD/slinky-dev/cpuutil/pkg/cpuinfo/cpuinfo.go:71.67,78.21 2 0
gitlab.com/SchedMD/slinky-dev/cpuutil/pkg/cpuinfo/cpuinfo.go:78.21,80.3 1 0
gitlab.com/SchedMD/slinky-dev/cpuutil/pkg/cpuinfo/cpuinfo.go:82.2,82.29 1 0
gitlab.com/SchedMD/slinky-dev/cpuutil/pkg/cpuinfo/cpuinfo.go:82.29,86.22 2 0
gitlab.com/SchedMD/slinky-dev/cpuutil/pkg/cpuinfo/cpuinfo.go:86.22,87.12 1 0
gitlab.com/SchedMD/slinky-dev/cpuutil/pkg/cpuinfo/cpuinfo.go:89.3,92.14 3 0
gitlab.com/SchedMD/slinky-dev/cpuutil/pkg/cpuinfo/cpuinfo.go:93.20,94.35 1 0
gitlab.com/SchedMD/slinky-dev/cpuutil/pkg/cpuinfo/cpuinfo.go:95.22,96.38 1 0
gitlab.com/SchedMD/slinky-dev/cpuutil/pkg/cpuinfo/cpuinfo.go:97.18,98.36 1 0
gitlab.com/SchedMD/slinky-dev/cpuutil/pkg/cpuinfo/cpuinfo.go:102.2,102.69 1 0
gitlab.com/SchedMD/slinky-dev/cpuutil/pkg/cpuinfo/cpuinfo.go:102.69,104.3 1 0
gitlab.com/SchedMD/slinky-dev/cpuutil/pkg/cpuinfo/cpuinfo.go:106.2,106.34 1 0
gitlab.com/SchedMD/slinky-dev/cpuutil/pkg/cpuinfo/cpuinfo.go:106.34,108.3 1 0
gitlab.com/SchedMD/slinky-dev/cpuutil/pkg/cpuinfo/cpuinfo.go:109.2,109.16 1 0
gitlab.com/SchedMD/slinky-dev/cpuutil/pkg/cpuinfo/cpuinfo.go:112.31,114.16 2 0
gitlab.com/SchedMD/slinky-dev/cpuutil/pkg/cpuinfo/cpuinfo.go:114.16,115.13 1 0
gitlab.com/SchedMD/slinky-dev/cpuutil/pkg/cpuinfo/cpuinfo.go:117.2,117.12 1 0
gitlab.com/SchedMD/slinky-dev/cpuutil/pkg/cpuinfo/cpuinfo.go:121.53,124.2 2 0
gitlab.com/SchedMD/slinky-dev/cpuutil/pkg/cpuinfo/cpuinfo.go:127.32,130.16 3 0
gitlab.com/SchedMD/slinky-dev/cpuutil/pkg/cpuinfo/cpuinfo.go:130.16,133.3 1 0
gitlab.com/SchedMD/slinky-dev/cpuutil/pkg/cpuinfo/cpuinfo.go:134.2,135.16 2 0
gitlab.com/SchedMD/slinky-dev/cpuutil/pkg/cpuinfo/cpuinfo.go:135.16,136.13 1 0
gitlab.com/SchedMD/slinky-dev/cpuutil/pkg/cpuinfo/cpuinfo.go:138.2,138.28 1 0
gitlab.com/SchedMD/slinky-dev/cpuutil/pkg/cpuinfo/cpuinfo.go:138.28,140.3 1 0
gitlab.com/SchedMD/slinky-dev/cpuutil/pkg/cpuinfo/cpuinfo.go:141.2,141.14 1 0
gitlab.com/SchedMD/slinky-dev/cpuutil/pkg/cpuinfo/cpuinfo.go:144.40,147.16 3 0
gitlab.com/SchedMD/slinky-dev/cpuutil/pkg/cpuinfo/cpuinfo.go:147.16,149.3 1 0
gitlab.com/SchedMD/slinky-dev/cpuutil/pkg/cpuinfo/cpuinfo.go:150.2,150.41 1 0
gitlab.com/SchedMD/slinky-dev/cpuutil/pkg/cpuinfo/cpuinfo.go:153.48,154.29 1 0
gitlab.com/SchedMD/slinky-dev/cpuutil/pkg/cpuinfo/cpuinfo.go:154.29,158.22 2 0
gitlab.com/SchedMD/slinky-dev/cpuutil/pkg/cpuinfo/cpuinfo.go:158.22,159.12 1 0
gitlab.com/SchedMD/slinky-dev/cpuutil/pkg/cpuinfo/cpuinfo.go:161.3,164.14 3 0
gitlab.com/SchedMD/slinky-dev/cpuutil/pkg/cpuinfo/cpuinfo.go:165.21,166.16 1 0
gitlab.com/SchedMD/slinky-dev/cpuutil/pkg/cpuinfo/cpuinfo.go:169.2,169.11 1 0
gitlab.com/SchedMD/slinky-dev/cpuutil/pkg/cpuinfo/cpuinfo.go:173.48,175.16 2 0
gitlab.com/SchedMD/slinky-dev/cpuutil/pkg/cpuinfo/cpuinfo.go:175.16,177.3 1 0
gitlab.com/SchedMD/slinky-dev/cpuutil/pkg/cpuinfo/cpuinfo.go:179.2,179.26 1 0
gitlab.com/SchedMD/slinky-dev/cpuutil/pkg/cpuinfo/cpuinfo.go:183.51,185.16 2 1
gitlab.com/SchedMD/slinky-dev/cpuutil/pkg/cpuinfo/cpuinfo.go:185.16,187.3 1 1
gitlab.com/SchedMD/slinky-dev/cpuutil/pkg/cpuinfo/cpuinfo.go:189.2,191.19 2 0
gitlab.com/SchedMD/slinky-dev/cpuutil/pkg/cpuinfo/cpuinfo.go:194.45,196.2 1 1
gitlab.com/SchedMD/slinky-dev/cpuutil/pkg/cpuinfo/cpuinfo.go:198.45,200.2 1 1
gitlab.com/SchedMD/slinky-dev/cpuutil/pkg/cpuinfo/cpuinfo.go:202.44,204.2 1 0
gitlab.com/SchedMD/slinky-dev/cpuutil/pkg/cpuinfo/cpuinfo.go:207.73,209.17 2 1
gitlab.com/SchedMD/slinky-dev/cpuutil/pkg/cpuinfo/cpuinfo.go:209.17,211.3 1 0
gitlab.com/SchedMD/slinky-dev/cpuutil/pkg/cpuinfo/cpuinfo.go:213.2,213.43 1 1
gitlab.com/SchedMD/slinky-dev/cpuutil/pkg/cpuinfo/cpuinfo.go:216.62,217.26 1 1
gitlab.com/SchedMD/slinky-dev/cpuutil/pkg/cpuinfo/cpuinfo.go:218.9,219.15 1 0
gitlab.com/SchedMD/slinky-dev/cpuutil/pkg/cpuinfo/cpuinfo.go:220.9,221.46 1 1
gitlab.com/SchedMD/slinky-dev/cpuutil/pkg/cpuinfo/cpuinfo.go:222.10,226.31 4 0
gitlab.com/SchedMD/slinky-dev/cpuutil/cmd/cpuinfo/main.go:22.54,27.17 4 0
gitlab.com/SchedMD/slinky-dev/cpuutil/cmd/cpuinfo/main.go:27.17,29.4 1 0
gitlab.com/SchedMD/slinky-dev/cpuutil/cmd/cpuinfo/main.go:30.3,36.14 5 0
gitlab.com/SchedMD/slinky-dev/cpuutil/cmd/cpuinfo/main.go:36.14,38.4 1 0
gitlab.com/SchedMD/slinky-dev/cpuutil/cmd/cpuinfo/main.go:39.3,40.17 2 0
gitlab.com/SchedMD/slinky-dev/cpuutil/cmd/cpuinfo/main.go:40.17,42.4 1 0
gitlab.com/SchedMD/slinky-dev/cpuutil/cmd/cpuinfo/main.go:43.3,44.17 2 0
gitlab.com/SchedMD/slinky-dev/cpuutil/cmd/cpuinfo/main.go:44.17,46.4 1 0
gitlab.com/SchedMD/slinky-dev/cpuutil/cmd/cpuinfo/main.go:47.3,54.17 6 0
gitlab.com/SchedMD/slinky-dev/cpuutil/cmd/cpuinfo/main.go:54.17,56.4 1 0
gitlab.com/SchedMD/slinky-dev/cpuutil/cmd/cpuinfo/main.go:57.3,61.13 4 0
gitlab.com/SchedMD/slinky-dev/cpuutil/cmd/cpuinfo/main.go:65.13,67.2 1 0
gitlab.com/SchedMD/slinky-dev/cpuutil/cmd/cpuinfo/main.go:69.13,70.42 1 0
gitlab.com/SchedMD/slinky-dev/cpuutil/cmd/cpuinfo/main.go:70.42,73.3 2 0
gitlab.com/SchedMD/slinky-dev/cpuutil/pkg/cpumap/cpumap.go:26.53,32.38 2 0
gitlab.com/SchedMD/slinky-dev/cpuutil/pkg/cpumap/cpumap.go:32.38,34.52 2 0
gitlab.com/SchedMD/slinky-dev/cpuutil/pkg/cpumap/cpumap.go:34.52,36.5 1 0
gitlab.com/SchedMD/slinky-dev/cpuutil/pkg/cpumap/cpumap.go:37.4,37.19 1 0
gitlab.com/SchedMD/slinky-dev/cpuutil/pkg/cpumap/cpumap.go:43.80,49.38 2 0
gitlab.com/SchedMD/slinky-dev/cpuutil/pkg/cpumap/cpumap.go:49.38,51.52 2 0
gitlab.com/SchedMD/slinky-dev/cpuutil/pkg/cpumap/cpumap.go:51.52,53.5 1 0
gitlab.com/SchedMD/slinky-dev/cpuutil/pkg/cpumap/cpumap.go:54.4,54.19 1 0
gitlab.com/SchedMD/slinky-dev/cpuutil/pkg/cpumap/cpumap.go:61.52,63.47 2 0
gitlab.com/SchedMD/slinky-dev/cpuutil/pkg/cpumap/cpumap.go:63.47,65.3 1 0
gitlab.com/SchedMD/slinky-dev/cpuutil/pkg/cpumap/cpumap.go:66.2,66.35 1 0
gitlab.com/SchedMD/slinky-dev/cpuutil/pkg/cpumap/cpumap.go:70.76,72.39 2 0
gitlab.com/SchedMD/slinky-dev/cpuutil/pkg/cpumap/cpumap.go:72.39,74.3 1 0
gitlab.com/SchedMD/slinky-dev/cpuutil/pkg/cpumap/cpumap.go:75.2,75.35 1 0
gitlab.com/SchedMD/slinky-dev/cpuutil/pkg/cpumap/cpumap.go:79.75,81.35 2 0
gitlab.com/SchedMD/slinky-dev/cpuutil/pkg/cpumap/cpumap.go:81.35,83.3 1 0
gitlab.com/SchedMD/slinky-dev/cpuutil/pkg/cpumap/cpumap.go:84.2,84.31 1 0
gitlab.com/SchedMD/slinky-dev/cpuutil/pkg/cpumap/cpumap.go:87.51,88.49 1 0
gitlab.com/SchedMD/slinky-dev/cpuutil/pkg/cpumap/cpumap.go:88.49,90.51 1 0
gitlab.com/SchedMD/slinky-dev/cpuutil/pkg/cpumap/cpumap.go:90.51,92.4 1 0
gitlab.com/SchedMD/slinky-dev/cpuutil/pkg/cpumap/cpumap.go:94.3,94.47 1 0
gitlab.com/SchedMD/slinky-dev/cpuutil/pkg/cpumap/cpumap.go:94.47,96.4 1 0
gitlab.com/SchedMD/slinky-dev/cpuutil/pkg/cpumap/cpumap.go:97.3,97.47 1 0
gitlab.com/SchedMD/slinky-dev/cpuutil/pkg/cpumap/cpumap.go:100.2,101.35 2 0
gitlab.com/SchedMD/slinky-dev/cpuutil/pkg/cpumap/cpumap.go:101.35,103.67 2 0
gitlab.com/SchedMD/slinky-dev/cpuutil/pkg/cpumap/cpumap.go:103.67,105.4 1 0
gitlab.com/SchedMD/slinky-dev/cpuutil/pkg/cpumap/cpumap.go:108.2,109.54 2 0
gitlab.com/SchedMD/slinky-dev/cpuutil/pkg/cpumap/cpumap.go:109.54,110.46 1 0
gitlab.com/SchedMD/slinky-dev/cpuutil/pkg/cpumap/cpumap.go:110.46,112.4 1 0
gitlab.com/SchedMD/slinky-dev/cpuutil/pkg/cpumap/cpumap.go:115.2,118.3 1 0
gitlab.com/SchedMD/slinky-dev/cpuutil/pkg/cpumap/cpumap.go:121.90,123.35 2 0
gitlab.com/SchedMD/slinky-dev/cpuutil/pkg/cpumap/cpumap.go:123.35,124.79 1 0
gitlab.com/SchedMD/slinky-dev/cpuutil/pkg/cpumap/cpumap.go:124.79,126.4 1 0
gitlab.com/SchedMD/slinky-dev/cpuutil/pkg/cpumap/cpumap.go:128.2,128.32 1 0
